<?xml version="1.0" encoding="UTF-8"?>
<!-- Generated by org.testng.reporters.JUnitReportReporter -->
<testsuite hostname="LTIN292975" failures="0" tests="4" name="TestCases.TC_004_ValidateAppsAndTools" time="38.990" errors="0" timestamp="2024-01-16T12:34:19 IST" skipped="0">
  <testcase classname="TestCases.TC_004_ValidateAppsAndTools" name="ValidateUser" time="2.624"/>
  <testcase classname="TestCases.TC_004_ValidateAppsAndTools" name="validateImageCountAndHeaders" time="0.589"/>
  <testcase classname="TestCases.TC_004_ValidateAppsAndTools" name="validateAppsAndTools" time="7.803"/>
  <testcase classname="TestCases.TC_004_ValidateAppsAndTools" name="validateNewsItems" time="27.974"/>
</testsuite> <!-- TestCases.TC_004_ValidateAppsAndTools -->
